1750534730305	geckodriver	INFO	Listening on 127.0.0.1:64378
1750534733404	mozrunner::runner	INFO	Running command: "C:\\Program Files\\Mozilla Firefox\\firefox.exe" "--marionette" "--start-maximized" "--remote-debugging-por ... "--remote-allow-hosts" "localhost" "-no-remote" "-profile" "C:\\Users\\SUBHAN~1\\AppData\\Local\\Temp\\rust_mozprofiletnzREH"
1750534734074	Marionette	INFO	Marionette enabled
console.warn: SearchSettings: "get: No settings file exists, new profile?" (new Error("", "(unknown module)"))
console.error: services.settings: 
  main/fxmonitor-breaches Signature failed  InvalidSignatureError: Invalid content signature (main/fxmonitor-breaches)
console.error: services.settings: 
  main/fxmonitor-breaches local data was corrupted
console.warn: services.settings: main/fxmonitor-breaches Signature verified failed. Retry from scratch
DevTools listening on ws://localhost:64379/devtools/browser/c3cb0183-8143-47bc-9527-e210ef14106e
console.error: services.settings: 
  main/fxmonitor-breaches Signature failed again InvalidSignatureError: Invalid content signature (main/fxmonitor-breaches)
1750534739442	Marionette	INFO	Listening on port 64408
1750534739814	Marionette	WARN	TLS certificate errors will be ignored for this session
console.error: services.settings: 
  blocklists/addons-bloomfilters Signature failed  InvalidSignatureError: Invalid content signature (blocklists/addons-bloomfilters)
console.error: services.settings: 
  blocklists/addons-bloomfilters local data was corrupted
console.warn: services.settings: blocklists/addons-bloomfilters Signature verified failed. Retry from scratch
console.error: services.settings: 
  blocklists/addons-bloomfilters Signature failed again InvalidSignatureError: Invalid content signature (blocklists/addons-bloomfilters)
console.error: services.settings: 
  Message: InvalidSignatureError: Invalid content signature (blocklists/addons-bloomfilters)
  Stack:
    InvalidSignatureError@resource://services-settings/RemoteSettingsClient.jsm:137:5
_validateCollectionSignature@resource://services-settings/RemoteSettingsClient.jsm:844:13

console.error: services.settings: 
  blocklists/gfx Signature failed  InvalidSignatureError: Invalid content signature (blocklists/gfx)
console.error: services.settings: 
  blocklists/gfx local data was corrupted
console.warn: services.settings: blocklists/gfx Signature verified failed. Retry from scratch
console.error: services.settings: 
  blocklists/gfx Signature failed again Invaconsole.error: services.settings: 
  security-state/cert-revocations Signature failed  InvalidSignatureError: Invalid content signature (security-state/cert-revocations)
console.error: services.settings: 
  security-state/cert-revocations local data was corrupted
console.warn: services.settings: security-state/cert-revocations Signature verified failed. Retry from scratch
console.error: services.settings: 
  security-state/cert-revocations Signature failed again InvalidSignatureError: Invalid content signature (security-state/cert-revocations)
console.error: services.settings: 
  Message: InvalidSignatureError: Invalid content signature (security-state/cert-revocations)
  Stack:
    InvalidSignatureError@resource://services-settings/RemoteSettingsClient.jsm:137:5
_validateCollectionSignature@resource://services-settings/RemoteSettingsClient.jsm:844:13

console.error: services.settings: 
  blocklists/addons-bloomfilters Signature failed  InvalidSignatureError: Invalid content signature (blocklists/addons-bloomfilters)
console.error: services.settings: 
  blocklists/addons-bloomfilters local data was corrupted
console.warn: services.settings: blocklists/addons-bloomfilters Signature verified failed. Retry from scratch
console.error: services.settings: 
  blocklists/addons-bloomfilters Signature failed again InvalidSignatureError: Invalid content signature (blocklists/addons-bloomfilters)
console.error: services.settings: 
  Message: InvalidSignatureError: Invalid content signature (blocklists/addons-bloomfilters)
  Stack:
    InvalidSignatureError@resource://services-settings/RemoteSettingsClient.jsm:137:5
_validateCollectionSignature@resource://services-settings/RemoteSettingsClient.jsm:844:13

console.error: services.settings: 
  security-state/intermediates Signature failed  InvalidSignatureError: Invalid content signature (security-state/intermediates)
console.error: services.settings: 
  security-state/intermediates local data was corrupted
console.warn: services.settings: security-state/intermediates Signature verified failed. Retry from scratch
console.error: services.settings: 
  security-state/intermediates Signature failed again InvalidSignatureError: Invalid content signature (security-state/intermediates)
console.error: services.settings: 
  Message: InvalidSignatureError: Invalid content signature (security-state/intermediates)
  Stack:
    InvalidSignatureError@resource://services-settings/RemoteSettingsClient.jsm:137:5
_validateCollectionSignature@resource://services-settings/RemoteSettingsClient.jsm:844:13

console.error: services.settings: 
  blocklists/gfx Signature failed  InvalidSignatureError: Invalid content signature (blocklists/gfx)
console.error: services.settings: 
  blocklists/gfx local data was corrupted
console.warn: services.settings: blocklists/gfx Signature verified failed. Retry from scratch
console.error: services.settings: 
  blocklists/gfx Signature failed again InvalidSignatureError: Invalid content signature (blocklists/gfx)
console.error: services.settings: 
  Message: InvalidSignatureError: Invalid content signature (blocklists/gfx)
  Stack:
    InvalidSignatureError@resource://services-settings/RemoteSettingsClient.jsm:137:5
_validateCollectionSignature@resource://services-settings/RemoteSettingsClient.jsm:844:13

console.error: services.settings: 
  security-state/onecrl Signature failed  InvalidSignatureError: Invalid content signature (security-state/onecrl)
console.error: services.settings: 
  security-state/onecrl local data was corrupted
console.warn: services.settings: security-state/onecrl Signature verified failed. Retry from scratch
console.error: services.settings: 
  security-state/onecrl Signature failed again InvalidSignatureError: Invalid content signature (security-state/onecrl)
console.error: services.settings: 
  Message: InvalidSignatureError: Invalid content signature (security-state/onecrl)
  Stack:
    InvalidSignatureError@resource://services-settings/RemoteSettingsClient.jsm:137:5
_validateCollectionSignature@resource://services-settings/RemoteSettingsClient.jsm:844:13

console.error: services.settings: 
  main/search-default-override-allowlist Signature failed  InvalidSignatureError: Invalid content signature (main/search-default-override-allowlist)
console.error: services.settings: 
  main/search-default-override-allowlist local data was corrupted
console.warn: services.settings: main/search-default-override-allowlist Signature verified failed. Retry from scratch
console.error: services.settings: 
  main/search-default-override-allowlist Signature failed again InvalidSignatureError: Invalid content signature (main/search-default-override-allowlist)
console.error: services.settings: 
  Message: InvalidSignatureError: Invalid content signature (main/search-default-override-allowlist)
  Stack:
    InvalidSignatureError@resource://services-settings/RemoteSettingsClient.jsm:137:5
_validateCollectionSignature@resource://services-settings/RemoteSettingsClient.jsm:844:13

console.error: services.settings: 
  main/top-sites Signature failed  InvalidSignatureError: Invalid content signature (main/top-sites)
console.error: services.settings: 
  main/top-sites local data was corrupted
console.warn: services.settings: main/top-sites Signature verified failed. Retry from scratch
console.error: services.settings: 
  main/top-sites Signature failed again InvalidSignatureError: Invalid content signature (main/top-sites)
console.error: services.settings: 
  Message: InvalidSignatureError: Invalid content signature (main/top-sites)
  Stack:
    InvalidSignatureError@resource://services-settings/RemoteSettingsClient.jsm:137:5
_validateCollectionSignature@resource://services-settings/RemoteSettingsClient.jsm:844:13

console.error: services.settings: 
  main/url-classifier-skip-urls Signature failed  InvalidSignatureError: Invalid content signature (main/url-classifier-skip-urls)
console.error: services.settings: 
  main/url-classifier-skip-urls local data was corrupted
console.warn: services.settings: main/url-classifier-skip-urls Signature verified failed. Retry from scratch
console.error: services.settings: 
  main/url-classifier-skip-urls Signature failed again InvalidSignatureError: Invalid content signature (main/url-classifier-skip-urls)
console.error: services.settings: 
  Message: InvalidSignatureError: Invalid content signature (main/url-classifier-skip-urls)
  Stack:
    InvalidSignatureError@resource://services-settings/RemoteSettingsClient.jsm:137:5
_validateCollectionSignature@resource://services-settings/RemoteSettingsClient.jsm:844:13

console.error: services.settings: 
  main/websites-with-shared-credential-backends Signature failed  InvalidSignatureError: Invalid content signature (main/websites-with-shared-credential-backends)
console.error: services.settings: 
  main/websites-with-shared-credential-backends local data was corrupted
console.warn: services.settings: main/websites-with-shared-credential-backends Signature verified failed. Retry from scratch
console.error: services.settings: 
  main/websites-with-shared-credential-backends Signature failed again InvalidSignatureError: Invalid content signature (main/websites-with-shared-credential-backends)
console.error: services.settings: 
  Message: InvalidSignatureError: Invalid content signature (main/websites-with-shared-credential-backends)
  Stack:
    InvalidSignatureError@resource://services-settings/RemoteSettingsClient.jsm:137:5
_validateCollectionSignature@resource://services-settings/RemoteSettingsClient.jsm:844:13

console.error: services.settings: 
  main/normandy-recipes-capabilities Signature failed  InvalidSignatureError: Invalid content signature (main/normandy-recipes-capabilities)
console.error: services.settings: 
  main/normandy-recipes-capabilities local data was corrupted
console.warn: services.settings: main/normandy-recipes-capabilities Signature verified failed. Retry from scratch
console.error: services.settings: 
  main/normandy-recipes-capabilities Signature failed again InvalidSignatureError: Invalid content signature (main/normandy-recipes-capabilities)
console.error: services.settings: 
  Message: InvalidSignatureError: Invalid content signature (main/normandy-recipes-capabilities)
  Stack:
    InvalidSignatureError@resource://services-settings/RemoteSettingsClient.jsm:137:5
_validateCollectionSignature@resource://services-settings/RemoteSettingsClient.jsm:844:13

console.error: services.settings: 
  main/search-config Signature failed  InvalidSignatureError: Invalid content signature (main/search-config)
console.error: services.settings: 
  main/search-config local data was corrupted
console.warn: services.settings: main/search-config Signature verified failed. Retry from scratch
console.error: services.settings: 
  main/search-config Signature failed again InvalidSignatureError: Invalid content signature (main/search-config)
console.error: services.settings: 
  Message: InvalidSignatureError: Invalid content signature (main/search-config)
  Stack:
    InvalidSignatureError@resource://services-settings/RemoteSettingsClient.jsm:137:5
_validateCollectionSignature@resource://services-settings/RemoteSettingsClient.jsm:844:13

console.error: services.settings: 
  main/fxmonitor-breaches Signature failed  InvalidSignatureError: Invalid content signature (main/fxmonitor-breaches)
console.error: services.settings: 
  main/fxmonitor-breaches local data was corrupted
console.warn: services.settings: main/fxmonitor-breaches Signature verified failed. Retry from scratch
console.error: services.settings: 
  main/fxmonitor-breaches Signature failed again InvalidSignatureError: Invalid content signature (main/fxmonitor-breaches)
console.error: services.settings: 
  Message: InvalidSignatureError: Invalid content signature (main/fxmonitor-breaches)
  Stack:
    InvalidSignatureError@resource://services-settings/RemoteSettingsClient.jsm:137:5
_validateCollectionSignature@resource://services-settings/RemoteSettingsClient.jsm:844:13

console.error: services.settings: 
  main/password-recipes Signature failed  InvalidSignatureError: Invalid content signature (main/password-recipes)
console.error: services.settings: 
  main/password-recipes local data was corrupted
console.warn: services.settings: main/password-recipes Signature verified failed. Retry from scratch
console.error: services.settings: 
  main/password-recipes Signature failed again InvalidSignatureError: Invalid content signature (main/password-recipes)
console.error: services.settings: 
  Message: InvalidSignatureError: Invalid content signature (main/password-recipes)
  Stack:
    InvalidSignatureError@resource://services-settings/RemoteSettingsClient.jsm:137:5
_validateCollectionSignature@resource://services-settings/RemoteSettingsClient.jsm:844:13

console.error: services.settings: 
  main/language-dictionaries Signature failed  InvalidSignatureError: Invalid content signature (main/language-dictionaries)
console.error: services.settings: 
  main/language-dictionaries local data was corrupted
console.warn: services.settings: main/language-dictionaries Signature verified failed. Retry from scratch
console.error: services.settings: 
  main/language-dictionaries Signature failed again InvalidSignatureError: Invalid content signature (main/language-dictionaries)
console.error: services.settings: 
  Message: InvalidSignatureError: Invalid content signature (main/language-dictionaries)
  Stack:
    InvalidSignatureError@resource://services-settings/RemoteSettingsClient.jsm:137:5
_validateCollectionSignature@resource://services-settings/RemoteSettingsClient.jsm:844:13

console.error: services.settings: 
  main/search-telemetry Signature failed  InvalidSignatureError: Invalid content signature (main/search-telemetry)
console.error: services.settings: 
  main/search-telemetry local data was corrupted
console.warn: services.settings: main/search-telemetry Signature verified failed. Retry from scratch
console.error: services.settings: 
  main/search-telemetry Signature failed again InvalidSignatureError: Invalid content signature (main/search-telemetry)
console.error: services.settings: 
  Message: InvalidSignatureError: Invalid content signature (main/search-telemetry)
  Stack:
    InvalidSignatureError@resource://services-settings/RemoteSettingsClient.jsm:137:5
_validateCollectionSignature@resource://services-settings/RemoteSettingsClient.jsm:844:13

console.error: services.settings: 
  main/pioneer-study-addons-v1 Signature failed  InvalidSignatureError: Invalid content signature (main/pioneer-study-addons-v1)
console.error: services.settings: 
  main/pioneer-study-addons-v1 local data was corrupted
console.warn: services.settings: main/pioneer-study-addons-v1 Signature verified failed. Retry from scratch
console.error: services.settings: 
  main/pioneer-study-addons-v1 Signature failed again InvalidSignatureError: Invalid content signature (main/pioneer-study-addons-v1)
console.error: services.settings: 
  Message: InvalidSignatureError: Invalid content signature (main/pioneer-study-addons-v1)
  Stack:
    InvalidSignatureError@resource://services-settings/RemoteSettingsClient.jsm:137:5
_validateCollectionSignature@resource://services-settings/RemoteSettingsClient.jsm:844:13

console.warn: services.settings: main/hijack-blocklists Signature verified failed. Retry from scratch
console.error: services.settings: 
  main/hijack-blocklists Signature failed again InvalidSignatureError: Invalid content signature (main/hijack-blocklists)
console.error: services.settings: 
  Message: InvalidSignatureError: Invalid content signature (main/hijack-blocklists)
  Stack:
    InvalidSignatureError@resource://services-settings/RemoteSettingsClient.jsm:137:5
_validateCollectionSignature@resource://services-settings/RemoteSettingsClient.jsm:844:13

console.error: services.settings: 
  main/public-suffix-list Signature failed  InvalidSignatureError: Invalid content signature (main/public-suffix-list)
console.error: services.settings: 
  main/public-suffix-list local data was corrupted
console.warn: services.settings: main/public-suffix-list Signature verified failed. Retry from scratch
console.error: services.settings: 
  main/public-suffix-list Signature failed again InvalidSignatureError: Invalid content signature (main/public-suffix-list)
console.error: services.settings: 
  Message: InvalidSignatureError: Invalid content signature (main/public-suffix-list)
  Stack:
    InvalidSignatureError@resource://services-settings/RemoteSettingsClient.jsm:137:5
_validateCollectionSignature@resource://services-settings/RemoteSettingsClient.jsm:844:13

console.warn: services.settings: main/anti-tracking-url-decoration Signature verified failed. Retry from scratch
console.error: services.settings: 
  main/anti-tracking-url-decoration Signature failed again InvalidSignatureError: Invalid content signature (main/anti-tracking-url-decoration)
console.error: services.settings: 
  Message: InvalidSignatureError: Invalid content signature (main/anti-tracking-url-decoration)
  Stack:
    InvalidSignatureError@resource://services-settings/RemoteSettingsClient.jsm:137:5
_validateCollectionSignature@resource://services-settings/RemoteSettingsClient.jsm:844:13

1750535177727	geckodriver	INFO	Listening on 127.0.0.1:49183
1750535180794	mozrunner::runner	INFO	Running command: "C:\\Program Files\\Mozilla Firefox\\firefox.exe" "--marionette" "--start-maximized" "--remote-debugging-por ... "--remote-allow-hosts" "localhost" "-no-remote" "-profile" "C:\\Users\\SUBHAN~1\\AppData\\Local\\Temp\\rust_mozprofilecsAFn4"
1750535181138	Marionette	INFO	Marionette enabled
console.warn: SearchSettings: "get: No settings file exists, new profile?" (new Error("", "(unknown module)"))
DevTools listening on ws://localhost:49184/devtools/browser/27424ecc-61bb-4468-ba13-757018c2b0f0
console.error: services.settings: 
  main/fxmonitor-breaches Signature failed  InvalidSignatureError: Invalid content signature (main/fxmonitor-breaches)
console.error: services.settings: 
  main/fxmonitor-breaches local data was corrupted
console.warn: services.settings: main/fxmonitor-breaches Signature verified failed. Retry from scratch
1750535183368	Marionette	INFO	Listening on port 49197
console.error: services.settings: 
  main/fxmonitor-breaches Signature failed again InvalidSignatureError: Invalid content signature (main/fxmonitor-breaches)
1750535183480	Marionette	WARN	TLS certificate errors will be ignored for this session
1750535185768	Marionette	INFO	Stopped listening on port 49197
JavaScript error: resource://gre/modules/UrlClassifierListManager.jsm, line 691: TypeError: this.tablesData[table] is undefined
!!! error running onStopped callback: TypeError: callback is not a function
JavaScript error: resource://gre/modules/UrlClassifierListManager.jsm, line 446: NS_ERROR_NOT_INITIALIZED: Component returned failure code: 0xc1f30001 (NS_ERROR_NOT_INITIALIZED) [nsIUrlClassifierDBService.getTables]

###!!! [Child][RunMessage] Error: Channel closing: too late to send/recv, messages will be lost

1750535186303	RemoteAgent	ERROR	unable to stop listener: [Exception... "Component returned failure code: 0x8000ffff (NS_ERROR_UNEXPECTED) [nsIWindowMediator.getEnumerator]"  nsresult: "0x8000ffff (NS_ERROR_UNEXPECTED)"  location: "JS frame :: chrome://remote/content/cdp/observers/TargetObserver.jsm :: stop :: line 64"  data: no] Stack trace: stop()@TargetObserver.jsm:64
unwatchForTabs()@TargetList.jsm:70
unwatchForTargets()@TargetList.jsm:37
destructor()@TargetList.jsm:109
close()@RemoteAgent.jsm:136
1750535189871	geckodriver	INFO	Listening on 127.0.0.1:49277
1750535192947	mozrunner::runner	INFO	Running command: "C:\\Program Files\\Mozilla Firefox\\firefox.exe" "--marionette" "--start-maximized" "--remote-debugging-por ... "--remote-allow-hosts" "localhost" "-no-remote" "-profile" "C:\\Users\\SUBHAN~1\\AppData\\Local\\Temp\\rust_mozprofileX851Lf"
1750535193343	Marionette	INFO	Marionette enabled
console.warn: SearchSettings: "get: No settings file exists, new profile?" (new Error("", "(unknown module)"))
DevTools listening on ws://localhost:49278/devtools/browser/843d4eee-a017-4f08-aa2b-e491626f9300
1750535195035	Marionette	INFO	Listening on port 49286
1750535195100	Marionette	WARN	TLS certificate errors will be ignored for this session
console.error: services.settings: 
  main/fxmonitor-breaches Signature failed  InvalidSignatureError: Invalid content signature (main/fxmonitor-breaches)
console.error: services.settings: 
  main/fxmonitor-breaches local data was corrupted
console.warn: services.settings: main/fxmonitor-breaches Signature verified failed. Retry from scratch
console.error: services.settings: 
  main/fxmonitor-breaches Signature failed again InvalidSignatureError: Invalid content signature (main/fxmonitor-breaches)
1750535197965	Marionette	INFO	Stopped listening on port 49286
!!! error running onStopped callback: TypeError: callback is not a function

###!!! [Child][RunMessage] Error: Channel closing: too late to send/recv, messages will be lost

1750535198458	RemoteAgent	ERROR	unable to stop listener: [Exception... "Component returned failure code: 0x8000ffff (NS_ERROR_UNEXPECTED) [nsIWindowMediator.getEnumerator]"  nsresult: "0x8000ffff (NS_ERROR_UNEXPECTED)"  location: "JS frame :: chrome://remote/content/cdp/observers/TargetObserver.jsm :: stop :: line 64"  data: no] Stack trace: stop()@TargetObserver.jsm:64
unwatchForTabs()@TargetList.jsm:70
unwatchForTargets()@TargetList.jsm:37
destructor()@TargetList.jsm:109
close()@RemoteAgent.jsm:136
1750535202355	geckodriver	INFO	Listening on 127.0.0.1:49352
1750535205420	mozrunner::runner	INFO	Running command: "C:\\Program Files\\Mozilla Firefox\\firefox.exe" "--marionette" "--start-maximized" "--remote-debugging-por ... "--remote-allow-hosts" "localhost" "-no-remote" "-profile" "C:\\Users\\SUBHAN~1\\AppData\\Local\\Temp\\rust_mozprofileZkeyg6"
1750535205733	Marionette	INFO	Marionette enabled
console.warn: SearchSettings: "get: No settings file exists, new profile?" (new Error("", "(unknown module)"))
DevTools listening on ws://localhost:49353/devtools/browser/b959fdb6-96d4-4a08-8513-d7e31b4c557b
console.error: services.settings: 
  main/fxmonitor-breaches Signature failed  InvalidSignatureError: Invalid content signature (main/fxmonitor-breaches)
console.error: services.settings: 
  main/fxmonitor-breaches local data was corrupted
console.warn: services.settings: main/fxmonitor-breaches Signature verified failed. Retry from scratch
1750535207445	Marionette	INFO	Listening on port 49359
1750535207502	Marionette	WARN	TLS certificate errors will be ignored for this session
console.error: services.settings: 
  main/fxmonitor-breaches Signature failed again InvalidSignatureError: Invalid content signature (main/fxmonitor-breaches)
1750535208625	Marionette	INFO	Stopped listening on port 49359
!!! error running onStopped callback: TypeError: callback is not a function
[Parent 9400, IPC I/O Parent] WARNING: file /builds/worker/checkouts/gecko/ipc/chromium/src/base/process_util_win.cc:167

###!!! [Child][RunMessage] Error: Channel closing: too late to send/recv, messages will be lost

1750535209397	RemoteAgent	ERROR	unable to stop listener: [Exception... "Component returned failure code: 0x8000ffff (NS_ERROR_UNEXPECTED) [nsIWindowMediator.getEnumerator]"  nsresult: "0x8000ffff (NS_ERROR_UNEXPECTED)"  location: "JS frame :: chrome://remote/content/cdp/observers/TargetObserver.jsm :: stop :: line 64"  data: no] Stack trace: stop()@TargetObserver.jsm:64
unwatchForTabs()@TargetList.jsm:70
unwatchForTargets()@TargetList.jsm:37
destructor()@TargetList.jsm:109
close()@RemoteAgent.jsm:136
